<?xml version="1.0" encoding="UTF-8"?>
<!-- Generated by org.testng.reporters.JUnitReportReporter -->
<testsuite hostname="DESKTOP-QEQU177" failures="0" tests="1" name="com.acttime.testScript.createcustomer" time="11.997" errors="0" timestamp="2023-06-06T17:10:19 IST" skipped="0">
  <testcase classname="com.acttime.testScript.createcustomer" name="createcustomer" time="11.997"/>
  <system-out>
    <![CDATA[hi]]>
  </system-out>
</testsuite> <!-- com.acttime.testScript.createcustomer -->
